2025-10-07 12:39:21,749 [INFO] Activator:176 - 


2025-10-07 12:39:21,751 [INFO] Activator:177 - !SESSION log4j initialized
2025-10-07 12:39:24,473 [INFO] LogOutputStream:77 - [STDOUT_REDIRECT] 
2025-10-07 12:39:26,678 [INFO] ApplicationProperties:184 - Using Application install path: C:\ST\STM32CubeIDE_1.19.0\STM32CubeIDE\plugins\com.st.stm32cube.common.mx_6.15.0.202507011659
2025-10-07 12:39:26,699 [INFO] DbMcusXml:78 - Set database path to: C:\ST\STM32CubeIDE_1.19.0\STM32CubeIDE\plugins\com.st.stm32cube.common.mx_6.15.0.202507011659\\db\/mcu/
2025-10-07 12:39:26,699 [INFO] ApiDb:274 - Set plugin database path to: C:\ST\STM32CubeIDE_1.19.0\STM32CubeIDE\plugins\com.st.stm32cube.common.mx_6.15.0.202507011659\\db\/plugins/boardmanager/
2025-10-07 12:39:26,700 [WARN] ApiDb:259 - Overriding images path with different value:  => C:\ST\STM32CubeIDE_1.19.0\STM32CubeIDE\plugins\com.st.stm32cube.common.mx_6.15.0.202507011659\\db\/plugins/mcufinder/images/
2025-10-07 12:39:26,709 [INFO] ApiDb:250 - Set database path to: C:\Users\Sander\.stmcufinder\plugins\mcufinder//mcu/
2025-10-07 12:39:26,711 [INFO] DbMcusAds:125 - Set database path to: C:\Users\Sander\.stmcufinder\plugins\mcufinder//mcu/
2025-10-07 12:39:26,713 [INFO] CrossReferenceDbSqlite:203 - Set database path to: C:\Users\Sander\.stmcufinder\plugins\mcufinder//mcu/cs/
2025-10-07 12:39:26,816 [INFO] RulesReader:64 - Compatibility file has been processed (317 Rules)
2025-10-07 12:39:26,905 [INFO] DbMcusXml:78 - Set database path to: C:\ST\STM32CubeIDE_1.19.0\STM32CubeIDE\plugins\com.st.stm32cube.common.mx_6.15.0.202507011659\\db\/mcu/
2025-10-07 12:39:26,905 [INFO] ApiDb:274 - Set plugin database path to: C:\ST\STM32CubeIDE_1.19.0\STM32CubeIDE\plugins\com.st.stm32cube.common.mx_6.15.0.202507011659\\db\/plugins/boardmanager/
2025-10-07 12:39:26,905 [INFO] ApiDb:261 - Set plugin images path to: C:\ST\STM32CubeIDE_1.19.0\STM32CubeIDE\plugins\com.st.stm32cube.common.mx_6.15.0.202507011659\\db\/plugins/mcufinder/images/
2025-10-07 12:39:26,905 [WARN] DbFile:41 - Overriding database path with different value: C:\Users\Sander\.stmcufinder\plugins\mcufinder/ => C:\Users\Sander\.stmcufinder\plugins\mcufinder
2025-10-07 12:39:26,905 [INFO] ApiDb:250 - Set database path to: C:\Users\Sander\.stmcufinder\plugins\mcufinder//mcu/
2025-10-07 12:39:26,905 [WARN] DbFile:41 - Overriding database path with different value: C:\Users\Sander\.stmcufinder\plugins\mcufinder/ => C:\Users\Sander\.stmcufinder\plugins\mcufinder
2025-10-07 12:39:26,905 [INFO] DbMcusAds:125 - Set database path to: C:\Users\Sander\.stmcufinder\plugins\mcufinder//mcu/
2025-10-07 12:39:26,905 [WARN] DbFile:41 - Overriding database path with different value: C:\Users\Sander\.stmcufinder\plugins\mcufinder/ => C:\Users\Sander\.stmcufinder\plugins\mcufinder
2025-10-07 12:39:26,905 [WARN] DbFile:41 - Overriding database path with different value: C:\Users\Sander\.stmcufinder\plugins\mcufinder/ => C:\Users\Sander\.stmcufinder\plugins\mcufinder
2025-10-07 12:39:26,905 [INFO] CrossReferenceDbSqlite:203 - Set database path to: C:\Users\Sander\.stmcufinder\plugins\mcufinder//mcu/cs/
2025-10-07 12:39:26,986 [INFO] MainPanel:274 - HeapMemory: 268435456
2025-10-07 12:39:27,122 [INFO] DbMcusXml:78 - Set database path to: C:\ST\STM32CubeIDE_1.19.0\STM32CubeIDE\plugins\com.st.stm32cube.common.mx_6.15.0.202507011659\\db\/mcu/
2025-10-07 12:39:27,122 [INFO] ApiDb:274 - Set plugin database path to: C:\ST\STM32CubeIDE_1.19.0\STM32CubeIDE\plugins\com.st.stm32cube.common.mx_6.15.0.202507011659\\db\/plugins/boardmanager/
2025-10-07 12:39:27,122 [INFO] ApiDb:261 - Set plugin images path to: C:\ST\STM32CubeIDE_1.19.0\STM32CubeIDE\plugins\com.st.stm32cube.common.mx_6.15.0.202507011659\\db\/plugins/mcufinder/images/
2025-10-07 12:39:27,123 [WARN] DbFile:41 - Overriding database path with different value: C:\Users\Sander\.stmcufinder\plugins\mcufinder/ => C:\Users\Sander\.stmcufinder\plugins\mcufinder
2025-10-07 12:39:27,123 [INFO] ApiDb:250 - Set database path to: C:\Users\Sander\.stmcufinder\plugins\mcufinder//mcu/
2025-10-07 12:39:27,123 [WARN] DbFile:41 - Overriding database path with different value: C:\Users\Sander\.stmcufinder\plugins\mcufinder/ => C:\Users\Sander\.stmcufinder\plugins\mcufinder
2025-10-07 12:39:27,123 [INFO] DbMcusAds:125 - Set database path to: C:\Users\Sander\.stmcufinder\plugins\mcufinder//mcu/
2025-10-07 12:39:27,123 [WARN] DbFile:41 - Overriding database path with different value: C:\Users\Sander\.stmcufinder\plugins\mcufinder/ => C:\Users\Sander\.stmcufinder\plugins\mcufinder
2025-10-07 12:39:27,123 [WARN] DbFile:41 - Overriding database path with different value: C:\Users\Sander\.stmcufinder\plugins\mcufinder/ => C:\Users\Sander\.stmcufinder\plugins\mcufinder
2025-10-07 12:39:27,123 [INFO] CrossReferenceDbSqlite:203 - Set database path to: C:\Users\Sander\.stmcufinder\plugins\mcufinder//mcu/cs/
2025-10-07 12:39:27,138 [INFO] ApplicationProperties:184 - Using Application install path: C:\ST\STM32CubeIDE_1.19.0\STM32CubeIDE\plugins\com.st.stm32cube.common.mx_6.15.0.202507011659
2025-10-07 12:39:27,139 [INFO] PluginManage:196 - Search for loadable plugins [exclusion list=, ]
2025-10-07 12:39:27,141 [INFO] PluginManage:310 - Check plugin analytics
2025-10-07 12:39:27,324 [INFO] AnalyticsPlugin:253 - Accepted Software Licenses: 
2025-10-07 12:39:27,324 [INFO] AnalyticsPlugin:255 - Accepted CMSIS Pack Licenses: 
2025-10-07 12:39:27,324 [INFO] AnalyticsPlugin:257 - Accepted Firmware Licenses: FW.F4.1.28.0
2025-10-07 12:39:27,327 [INFO] PluginManage:359 - Loaded plugin analytics (category:tool,tabindex:-1)
2025-10-07 12:39:27,328 [INFO] PluginManage:310 - Check plugin cadmodel
2025-10-07 12:39:27,336 [INFO] CADModel:105 - Init CAD model plugin
2025-10-07 12:39:27,336 [INFO] PluginManage:359 - Loaded plugin cadmodel (category:power,tabindex:5)
2025-10-07 12:39:27,337 [INFO] PluginManage:310 - Check plugin clock
2025-10-07 12:39:27,348 [INFO] PluginManage:359 - Loaded plugin clock (category:base,tabindex:2)
2025-10-07 12:39:27,348 [INFO] PluginManage:310 - Check plugin ddr
2025-10-07 12:39:27,352 [INFO] PluginManage:359 - Loaded plugin ddr (category:tool,tabindex:6)
2025-10-07 12:39:27,352 [INFO] PluginManage:310 - Check plugin filemanager
2025-10-07 12:39:27,493 [INFO] PluginManage:359 - Loaded plugin filemanager (category:base,tabindex:10)
2025-10-07 12:39:27,494 [INFO] PluginManage:310 - Check plugin ipmanager
2025-10-07 12:39:27,499 [INFO] PluginManage:359 - Loaded plugin ipmanager (category:base,tabindex:5)
2025-10-07 12:39:27,499 [INFO] PluginManage:310 - Check plugin lpbam
2025-10-07 12:39:27,506 [INFO] PluginManage:359 - Loaded plugin lpbam (category:base,tabindex:0)
2025-10-07 12:39:27,506 [INFO] PluginManage:310 - Check plugin memorymap
2025-10-07 12:39:27,518 [INFO] PluginManage:359 - Loaded plugin memorymap (category:base,tabindex:4)
2025-10-07 12:39:27,518 [INFO] PluginManage:310 - Check plugin pinoutandconfiguration
2025-10-07 12:39:27,528 [INFO] PluginManage:359 - Loaded plugin pinoutandconfiguration (category:base,tabindex:1)
2025-10-07 12:39:27,528 [INFO] PluginManage:310 - Check plugin pinoutconfig
2025-10-07 12:39:27,603 [WARN] SupportedApi:132 - Cannot load RTOS API schema: s4s-elt-must-match.1: The content of 'definitions' must match (annotation?, (simpleType | complexType)?, (unique | key | keyref)*)). A problem was found starting at: attribute.
2025-10-07 12:39:27,720 [INFO] PluginManage:359 - Loaded plugin pinoutconfig (category:base,tabindex:0)
2025-10-07 12:39:27,720 [INFO] PluginManage:310 - Check plugin power
2025-10-07 12:39:27,729 [INFO] PluginManage:359 - Loaded plugin power (category:power,tabindex:4)
2025-10-07 12:39:27,729 [INFO] PluginManage:310 - Check plugin projectmanager
2025-10-07 12:39:27,741 [INFO] PluginManage:359 - Loaded plugin projectmanager (category:projectmanager,tabindex:4)
2025-10-07 12:39:27,741 [INFO] PluginManage:310 - Check plugin rif
2025-10-07 12:39:27,751 [INFO] PluginManage:359 - Loaded plugin rif (category:base,tabindex:3)
2025-10-07 12:39:27,751 [INFO] PluginManage:310 - Check plugin thirdparty
2025-10-07 12:39:27,884 [WARN] IntegrityCheckThread:84 - waiting for thirdparty lock release [integrity check]
2025-10-07 12:39:27,884 [INFO] PluginManage:359 - Loaded plugin thirdparty (category:base,tabindex:-1)
2025-10-07 12:39:27,884 [INFO] IntegrityCheckThread:86 - entering critical section [integrity check]
2025-10-07 12:39:27,884 [INFO] PluginManage:310 - Check plugin tools
2025-10-07 12:39:27,884 [INFO] ThirdPartyUpdaterWithRetryManager:70 - Updater plugin not ready yet. [1/15]
2025-10-07 12:39:27,888 [INFO] PluginManage:359 - Loaded plugin tools (category:base,tabindex:7)
2025-10-07 12:39:27,888 [INFO] PluginManage:310 - Check plugin tutovideos
2025-10-07 12:39:28,076 [INFO] PluginManage:359 - Loaded plugin tutovideos (category:base,tabindex:-1)
2025-10-07 12:39:28,077 [INFO] PluginManage:310 - Check plugin updater
2025-10-07 12:39:28,095 [INFO] PluginManage:359 - Loaded plugin updater (category:base,tabindex:12)
2025-10-07 12:39:28,095 [INFO] PluginManage:310 - Check plugin userauth
2025-10-07 12:39:28,098 [INFO] UserAuth:118 - Init User Auth plugin
2025-10-07 12:39:28,098 [INFO] PluginManage:359 - Loaded plugin userauth (category:base,tabindex:14)
2025-10-07 12:39:28,099 [INFO] PluginManage:283 - PluginManage : Loaded plugins [18]
2025-10-07 12:39:28,275 [INFO] PinOutPanel:1589 - setPackage(No Configuration,No Configuration)
2025-10-07 12:39:28,345 [INFO] CADModel:165 - CPN selected for project level
2025-10-07 12:39:28,345 [INFO] CADModel:114 - Register for checkConnection events
2025-10-07 12:39:28,362 [INFO] IPUIPlugin:80 - create IPUIPlugin
2025-10-07 12:39:28,362 [INFO] PluginManager:220 - loadIPPluginJar : add adc
2025-10-07 12:39:28,366 [INFO] IPUIPlugin:80 - create IPUIPlugin
2025-10-07 12:39:28,366 [INFO] PluginManager:220 - loadIPPluginJar : add aes
2025-10-07 12:39:28,369 [INFO] IPUIPlugin:80 - create IPUIPlugin
2025-10-07 12:39:28,369 [INFO] PluginManager:220 - loadIPPluginJar : add can
2025-10-07 12:39:28,370 [INFO] IPUIPlugin:80 - create IPUIPlugin
2025-10-07 12:39:28,371 [INFO] PluginManager:220 - loadIPPluginJar : add comp
2025-10-07 12:39:28,373 [INFO] IPUIPlugin:80 - create IPUIPlugin
2025-10-07 12:39:28,373 [INFO] PluginManager:220 - loadIPPluginJar : add cryp
2025-10-07 12:39:28,376 [INFO] IPUIPlugin:80 - create IPUIPlugin
2025-10-07 12:39:28,376 [INFO] PluginManager:220 - loadIPPluginJar : add ddr_ctrl_phy
2025-10-07 12:39:28,379 [INFO] IPUIPlugin:80 - create IPUIPlugin
2025-10-07 12:39:28,379 [INFO] PluginManager:220 - loadIPPluginJar : add dfsdm
2025-10-07 12:39:28,385 [INFO] IPUIPlugin:80 - create IPUIPlugin
2025-10-07 12:39:28,385 [INFO] PluginManager:220 - loadIPPluginJar : add dma
2025-10-07 12:39:28,388 [INFO] IPUIPlugin:80 - create IPUIPlugin
2025-10-07 12:39:28,388 [INFO] PluginManager:220 - loadIPPluginJar : add dma3
2025-10-07 12:39:28,391 [INFO] IPUIPlugin:80 - create IPUIPlugin
2025-10-07 12:39:28,391 [INFO] PluginManager:220 - loadIPPluginJar : add extmemmanager
2025-10-07 12:39:28,393 [INFO] IPUIPlugin:80 - create IPUIPlugin
2025-10-07 12:39:28,393 [INFO] PluginManager:220 - loadIPPluginJar : add fatfs
2025-10-07 12:39:28,397 [INFO] IPUIPlugin:80 - create IPUIPlugin
2025-10-07 12:39:28,397 [INFO] PluginManager:220 - loadIPPluginJar : add fmc
2025-10-07 12:39:28,403 [INFO] IPUIPlugin:80 - create IPUIPlugin
2025-10-07 12:39:28,404 [INFO] PluginManager:220 - loadIPPluginJar : add freertos
2025-10-07 12:39:28,405 [INFO] IPUIPlugin:80 - create IPUIPlugin
2025-10-07 12:39:28,405 [INFO] PluginManager:220 - loadIPPluginJar : add genericplugin
2025-10-07 12:39:28,409 [INFO] IPUIPlugin:80 - create IPUIPlugin
2025-10-07 12:39:28,409 [INFO] PluginManager:220 - loadIPPluginJar : add gfxmmu
2025-10-07 12:39:28,413 [INFO] IPUIPlugin:80 - create IPUIPlugin
2025-10-07 12:39:28,413 [INFO] PluginManager:220 - loadIPPluginJar : add gic
2025-10-07 12:39:28,417 [INFO] IPUIPlugin:80 - create IPUIPlugin
2025-10-07 12:39:28,417 [INFO] PluginManager:220 - loadIPPluginJar : add gpio
2025-10-07 12:39:28,420 [INFO] IPUIPlugin:80 - create IPUIPlugin
2025-10-07 12:39:28,420 [INFO] PluginManager:220 - loadIPPluginJar : add gtzc
2025-10-07 12:39:28,422 [INFO] IPUIPlugin:80 - create IPUIPlugin
2025-10-07 12:39:28,422 [INFO] PluginManager:220 - loadIPPluginJar : add hash
2025-10-07 12:39:28,425 [INFO] IPUIPlugin:80 - create IPUIPlugin
2025-10-07 12:39:28,425 [INFO] PluginManager:220 - loadIPPluginJar : add i2c
2025-10-07 12:39:28,427 [INFO] IPUIPlugin:80 - create IPUIPlugin
2025-10-07 12:39:28,427 [INFO] PluginManager:220 - loadIPPluginJar : add i2s
2025-10-07 12:39:28,430 [INFO] IPUIPlugin:80 - create IPUIPlugin
2025-10-07 12:39:28,431 [INFO] PluginManager:220 - loadIPPluginJar : add i3c
2025-10-07 12:39:28,434 [INFO] IPUIPlugin:80 - create IPUIPlugin
2025-10-07 12:39:28,434 [INFO] PluginManager:220 - loadIPPluginJar : add ipddr
2025-10-07 12:39:28,441 [INFO] IPUIPlugin:80 - create IPUIPlugin
2025-10-07 12:39:28,441 [INFO] PluginManager:220 - loadIPPluginJar : add linkedlist
2025-10-07 12:39:28,444 [INFO] IPUIPlugin:80 - create IPUIPlugin
2025-10-07 12:39:28,444 [INFO] PluginManager:220 - loadIPPluginJar : add lorawan
2025-10-07 12:39:28,445 [INFO] IPUIPlugin:80 - create IPUIPlugin
2025-10-07 12:39:28,445 [INFO] PluginManager:220 - loadIPPluginJar : add ltdc
2025-10-07 12:39:28,449 [INFO] IPUIPlugin:80 - create IPUIPlugin
2025-10-07 12:39:28,449 [INFO] PluginManager:220 - loadIPPluginJar : add mdma
2025-10-07 12:39:28,452 [INFO] IPUIPlugin:80 - create IPUIPlugin
2025-10-07 12:39:28,452 [INFO] PluginManager:220 - loadIPPluginJar : add nvic
2025-10-07 12:39:28,455 [INFO] IPUIPlugin:80 - create IPUIPlugin
2025-10-07 12:39:28,455 [INFO] PluginManager:220 - loadIPPluginJar : add opamp
2025-10-07 12:39:28,459 [INFO] IPUIPlugin:80 - create IPUIPlugin
2025-10-07 12:39:28,459 [INFO] PluginManager:220 - loadIPPluginJar : add openamp
2025-10-07 12:39:28,462 [INFO] IPUIPlugin:80 - create IPUIPlugin
2025-10-07 12:39:28,462 [INFO] PluginManager:220 - loadIPPluginJar : add pdm2pcm
2025-10-07 12:39:28,467 [INFO] IPUIPlugin:80 - create IPUIPlugin
2025-10-07 12:39:28,469 [INFO] PluginManager:220 - loadIPPluginJar : add plateformsettings
2025-10-07 12:39:28,470 [INFO] IPUIPlugin:80 - create IPUIPlugin
2025-10-07 12:39:28,470 [INFO] PluginManager:220 - loadIPPluginJar : add quadspi
2025-10-07 12:39:28,474 [INFO] IPUIPlugin:80 - create IPUIPlugin
2025-10-07 12:39:28,475 [INFO] PluginManager:220 - loadIPPluginJar : add radio
2025-10-07 12:39:28,479 [INFO] IPUIPlugin:80 - create IPUIPlugin
2025-10-07 12:39:28,479 [INFO] PluginManager:220 - loadIPPluginJar : add resmgrutility
2025-10-07 12:39:28,482 [INFO] IPUIPlugin:80 - create IPUIPlugin
2025-10-07 12:39:28,482 [INFO] PluginManager:220 - loadIPPluginJar : add sai
2025-10-07 12:39:28,485 [INFO] IPUIPlugin:80 - create IPUIPlugin
2025-10-07 12:39:28,485 [INFO] PluginManager:220 - loadIPPluginJar : add spi
2025-10-07 12:39:28,490 [INFO] IPUIPlugin:80 - create IPUIPlugin
2025-10-07 12:39:28,490 [INFO] PluginManager:220 - loadIPPluginJar : add stm32_wpan
2025-10-07 12:39:28,493 [INFO] IPUIPlugin:80 - create IPUIPlugin
2025-10-07 12:39:28,493 [INFO] PluginManager:220 - loadIPPluginJar : add tim
2025-10-07 12:39:28,497 [INFO] IPUIPlugin:80 - create IPUIPlugin
2025-10-07 12:39:28,497 [INFO] PluginManager:220 - loadIPPluginJar : add touchsensing
2025-10-07 12:39:28,499 [INFO] IPUIPlugin:80 - create IPUIPlugin
2025-10-07 12:39:28,499 [INFO] PluginManager:220 - loadIPPluginJar : add tracer_emb
2025-10-07 12:39:28,501 [INFO] IPUIPlugin:80 - create IPUIPlugin
2025-10-07 12:39:28,502 [INFO] PluginManager:220 - loadIPPluginJar : add ts
2025-10-07 12:39:28,504 [INFO] IPUIPlugin:80 - create IPUIPlugin
2025-10-07 12:39:28,504 [INFO] PluginManager:220 - loadIPPluginJar : add tsc
2025-10-07 12:39:28,505 [INFO] IPUIPlugin:80 - create IPUIPlugin
2025-10-07 12:39:28,505 [INFO] PluginManager:220 - loadIPPluginJar : add ucpd
2025-10-07 12:39:28,508 [INFO] IPUIPlugin:80 - create IPUIPlugin
2025-10-07 12:39:28,508 [INFO] PluginManager:220 - loadIPPluginJar : add usart
2025-10-07 12:39:28,510 [INFO] IPUIPlugin:80 - create IPUIPlugin
2025-10-07 12:39:28,510 [INFO] PluginManager:220 - loadIPPluginJar : add usbx
2025-10-07 12:39:28,627 [FATAL] Updater:351 - Updater called before beeing initialized
2025-10-07 12:39:28,648 [INFO] RulesReader:64 - Compatibility file has been processed (317 Rules)
2025-10-07 12:39:28,659 [INFO] RulesReader:64 - Compatibility file has been processed (317 Rules)
2025-10-07 12:39:28,666 [INFO] CADModel:165 - CPN selected for project level
2025-10-07 12:39:28,666 [INFO] CADModel:114 - Register for checkConnection events
2025-10-07 12:39:28,666 [FATAL] Updater:351 - Updater called before beeing initialized
2025-10-07 12:39:28,666 [ERROR] CADModel:125 - Updater not yet initialized, retry later 
2025-10-07 12:39:28,815 [FATAL] Updater:351 - Updater called before beeing initialized
2025-10-07 12:39:28,817 [INFO] CADModel:165 - CPN selected for project level
2025-10-07 12:39:28,817 [INFO] CADModel:114 - Register for checkConnection events
2025-10-07 12:39:28,817 [FATAL] Updater:351 - Updater called before beeing initialized
2025-10-07 12:39:28,817 [ERROR] CADModel:125 - Updater not yet initialized, retry later 
2025-10-07 12:39:28,820 [FATAL] Updater:351 - Updater called before beeing initialized
2025-10-07 12:39:28,896 [FATAL] Updater:351 - Updater called before beeing initialized
2025-10-07 12:39:28,899 [INFO] DbMcusAds:53 - JSON generation date=Tue Jul 08 10:14:23 CEST 2025 (1751962463582)
2025-10-07 12:39:28,899 [FATAL] Updater:351 - Updater called before beeing initialized
2025-10-07 12:39:28,933 [WARN] DetailPanel:346 - Failed to get advertising image, set to default
2025-10-07 12:39:28,997 [FATAL] Updater:351 - Updater called before beeing initialized
2025-10-07 12:39:28,998 [FATAL] Updater:351 - Updater called before beeing initialized
2025-10-07 12:39:28,998 [FATAL] Updater:351 - Updater called before beeing initialized
2025-10-07 12:39:28,998 [WARN] DetailPanel:346 - Failed to get advertising image, set to default
2025-10-07 12:39:29,000 [FATAL] Updater:351 - Updater called before beeing initialized
2025-10-07 12:39:29,039 [ERROR] Updater:1198 - MainUpdater not yet initialized. External WinMGr cannot be set.
2025-10-07 12:39:29,041 [INFO] Updater:1134 - Updater Version found : 6.15.0
2025-10-07 12:39:29,057 [INFO] ApplicationProperties:184 - Using Application install path: C:\ST\STM32CubeIDE_1.19.0\STM32CubeIDE\plugins\com.st.stm32cube.common.mx_6.15.0.202507011659
2025-10-07 12:39:30,634 [ERROR] LogOutputStream:75 - [STDERR_REDIRECT] Oct 07, 2025 12:39:30 PM java.util.prefs.WindowsPreferences <init>
2025-10-07 12:39:30,635 [ERROR] LogOutputStream:75 - [STDERR_REDIRECT] WARNING: Could not open/create prefs root node Software\JavaSoft\Prefs at root 0xffffffff80000002. Windows RegCreateKeyEx(...) returned error code 5.
2025-10-07 12:39:30,635 [ERROR] LogOutputStream:75 - [STDERR_REDIRECT] 
2025-10-07 12:39:30,885 [INFO] ThirdPartyUpdaterWithRetryManager:70 - Updater plugin not ready yet. [2/15]
2025-10-07 12:39:30,927 [INFO] MainUpdater:2872 - connection check result : 10
2025-10-07 12:39:30,927 [INFO] MainUpdater:3604 - Updater definition file requires update
2025-10-07 12:39:30,928 [INFO] MainUpdater:289 - Updater Check For Update Now.
2025-10-07 12:39:30,928 [INFO] MicroXplorer:498 - Change Database Version : DB.6.0.150
2025-10-07 12:39:30,935 [INFO] McuFinderGlobals:63 - Set McuFinder mode to 2 (CubeIDE integrated)
2025-10-07 12:39:30,935 [INFO] UserAuth:171 - activating auth plugin
2025-10-07 12:39:30,938 [INFO] UserAuth:487 - Internet connection configuration mode: 1
2025-10-07 12:39:30,958 [INFO] JxBrowserEngine:152 - Initiate JxBrowser Engine with user profile folder
2025-10-07 12:39:30,962 [INFO] ServerAccessManage:452 - Complete download http(s) 200
2025-10-07 12:39:30,963 [INFO] ServerAccessManage:509 - Download File updaters.zip
2025-10-07 12:39:31,008 [INFO] FileExtend:248 - Unzip File : updaters.zip
2025-10-07 12:39:31,008 [INFO] FileExtend:263 - Standard Zip Deflate
2025-10-07 12:39:31,288 [INFO] ServerAccessManage:452 - Complete download http(s) 200
2025-10-07 12:39:31,289 [INFO] ServerAccessManage:509 - Download File PacksControlFlags.xml
2025-10-07 12:39:31,355 [INFO] ServerAccessManage:452 - Complete download http(s) 200
2025-10-07 12:39:31,355 [INFO] ServerAccessManage:509 - Download File cubemx.pidx
2025-10-07 12:39:31,438 [INFO] LoadServerUpdatesThread:375 - End of LoadServerUpdate Thread
2025-10-07 12:39:31,582 [INFO] CheckServerUpdateThread:120 - End of CheckServer Thread
2025-10-07 12:39:32,662 [INFO] WebApp:169 - Instantiating new browser for Auth
2025-10-07 12:39:33,708 [INFO] WebApp:463 - Apply proxy settings
2025-10-07 12:39:33,708 [INFO] WebApp:548 - Chromium requires no authentication
2025-10-07 12:39:33,768 [INFO] WebApp:491 - Direct internet connection detected
2025-10-07 12:39:33,862 [INFO] WebApp:900 - Register for checkConnection events
2025-10-07 12:39:33,863 [INFO] WebApp:463 - Apply proxy settings
2025-10-07 12:39:33,863 [INFO] WebApp:548 - Chromium requires no authentication
2025-10-07 12:39:33,864 [INFO] WebApp:491 - Direct internet connection detected
2025-10-07 12:39:34,158 [INFO] WebApp:191 - Connection restablished
2025-10-07 12:39:34,484 [INFO] WebApp:225 - Starting web application
2025-10-07 12:39:34,484 [INFO] WebApp:593 - Web application path used C:\ST\STM32CubeIDE_1.19.0\STM32CubeIDE\plugins\com.st.stm32cube.common.mx_6.15.0.202507011659\db\plugins\mcufinder\reactClient1\index.html
2025-10-07 12:39:34,506 [WARN] PackLoader:240 - Cannot read IP mode file for STMicroelectronics.FP-SNS-MOTENVWB1.1.4.0
2025-10-07 12:39:34,514 [WARN] PackLoader:240 - Cannot read IP mode file for STMicroelectronics.FP-ATR-ASTRA1.2.0.2
2025-10-07 12:39:34,536 [WARN] PackLoader:240 - Cannot read IP mode file for STMicroelectronics.X-CUBE-SMBUS.2.1.0
2025-10-07 12:39:34,553 [WARN] PackLoader:240 - Cannot read IP mode file for STMicroelectronics.X-CUBE-ST60.1.0.0
2025-10-07 12:39:34,574 [WARN] PackLoader:240 - Cannot read IP mode file for STMicroelectronics.X-CUBE-AZRTOS-F7.1.1.0
2025-10-07 12:39:34,587 [WARN] PackLoader:240 - Cannot read IP mode file for WES.I-CUBE-Cesium.1.4.0
2025-10-07 12:39:34,605 [WARN] PackLoader:240 - Cannot read IP mode file for Infineon.AIROC-Wi-Fi-Bluetooth-STM32.1.7.1
2025-10-07 12:39:34,624 [WARN] PackLoader:240 - Cannot read IP mode file for STMicroelectronics.X-CUBE-AZRTOS-H7.3.4.0
2025-10-07 12:39:34,634 [WARN] PackLoader:240 - Cannot read IP mode file for STMicroelectronics.X-CUBE-DISPLAY.3.0.0
2025-10-07 12:39:34,646 [WARN] PackLoader:240 - Cannot read IP mode file for STMicroelectronics.X-CUBE-NFC10.1.0.0
2025-10-07 12:39:34,660 [WARN] PackLoader:240 - Cannot read IP mode file for emotas.I-CUBE-CANOPEN.1.3.0
2025-10-07 12:39:34,672 [WARN] PackLoader:240 - Cannot read IP mode file for STMicroelectronics.FP-SNS-STBOX1.2.1.0
2025-10-07 12:39:34,680 [WARN] PackLoader:240 - Cannot read IP mode file for STMicroelectronics.FP-SNS-SMARTAG2.1.2.0
2025-10-07 12:39:34,687 [WARN] PackLoader:240 - Cannot read IP mode file for STMicroelectronics.FP-SNS-FLIGHT1.5.1.0
2025-10-07 12:39:34,698 [INFO] LogOutputStream:77 - [STDOUT_REDIRECT] 1 : Invalid condition id : UX_CORESTACK_Condition cause : null
2025-10-07 12:39:34,699 [INFO] LogOutputStream:77 - [STDOUT_REDIRECT] 1 : Invalid condition id : UX_CORESTACK_Condition cause : null
2025-10-07 12:39:34,700 [INFO] LogOutputStream:77 - [STDOUT_REDIRECT] 1 : Invalid condition id : UX_CORESTACK_Condition cause : null
2025-10-07 12:39:34,702 [INFO] LogOutputStream:77 - [STDOUT_REDIRECT] 1 : Invalid condition id : UX_CORESTACK_Condition cause : null
2025-10-07 12:39:34,703 [INFO] LogOutputStream:77 - [STDOUT_REDIRECT] 1 : Invalid condition id : UX_CORESTACK_Condition cause : null
2025-10-07 12:39:34,705 [WARN] PackLoader:240 - Cannot read IP mode file for STMicroelectronics.X-CUBE-AZRTOS-WL.2.0.0
2025-10-07 12:39:34,714 [WARN] PackLoader:240 - Cannot read IP mode file for STMicroelectronics.FP-SNS-MOTENV1.5.0.0
2025-10-07 12:39:34,721 [WARN] PackLoader:240 - Cannot read IP mode file for STMicroelectronics.X-CUBE-BLE2.3.3.0
2025-10-07 12:39:34,727 [WARN] PackLoader:240 - Cannot read IP mode file for STMicroelectronics.X-CUBE-NFC9.1.0.0
2025-10-07 12:39:34,735 [WARN] PackLoader:240 - Cannot read IP mode file for wolfSSL.I-CUBE-wolfSSL.5.8.2
2025-10-07 12:39:34,741 [WARN] PackLoader:240 - Cannot read IP mode file for STMicroelectronics.X-CUBE-BLE1.7.1.0
2025-10-07 12:39:34,747 [WARN] PackLoader:240 - Cannot read IP mode file for wolfSSL.I-CUBE-wolfMQTT.1.19.2
2025-10-07 12:39:34,755 [WARN] PackLoader:240 - Cannot read IP mode file for STMicroelectronics.X-CUBE-EEPRMA1.5.2.0
2025-10-07 12:39:34,767 [WARN] PackLoader:240 - Cannot read IP mode file for STMicroelectronics.X-CUBE-AZRTOS-G0.1.1.0
2025-10-07 12:39:34,774 [WARN] PackLoader:240 - Cannot read IP mode file for STMicroelectronics.X-CUBE-SAFEA1.1.2.2
2025-10-07 12:39:34,779 [WARN] PackLoader:240 - Cannot read IP mode file for STMicroelectronics.X-CUBE-NFC4.3.0.0
2025-10-07 12:39:34,790 [WARN] PackLoader:240 - Cannot read IP mode file for EmbeddedOffice.I-CUBE-FS-RTOS.1.0.1
2025-10-07 12:39:34,795 [WARN] PackLoader:240 - Cannot read IP mode file for STMicroelectronics.X-CUBE-WB05N.2.0.0
2025-10-07 12:39:34,801 [WARN] PackLoader:240 - Cannot read IP mode file for wolfSSL.I-CUBE-wolfTPM.3.8.0
2025-10-07 12:39:34,806 [WARN] PackLoader:240 - Cannot read IP mode file for STMicroelectronics.X-CUBE-TCPP.4.2.0
2025-10-07 12:39:34,812 [WARN] PackLoader:240 - Cannot read IP mode file for RealThread.X-CUBE-RT-Thread_Nano.4.1.1
2025-10-07 12:39:34,817 [WARN] PackLoader:240 - Cannot read IP mode file for STMicroelectronics.FP-ATR-SIGFOX1.3.2.0
2025-10-07 12:39:34,821 [WARN] PackLoader:240 - Cannot read IP mode file for ITTIA_DB.I-CUBE-ITTIADB.8.9.0
2025-10-07 12:39:34,827 [WARN] PackLoader:240 - Cannot read IP mode file for STMicroelectronics.X-CUBE-ST67W61.1.0.0
2025-10-07 12:39:34,831 [WARN] PackLoader:240 - Cannot read IP mode file for STMicroelectronics.X-CUBE-AI.10.2.0
2025-10-07 12:39:34,852 [WARN] PackLoader:240 - Cannot read IP mode file for SEGGER.I-CUBE-embOS.1.3.1
2025-10-07 12:39:34,871 [WARN] PackLoader:240 - Cannot read IP mode file for STMicroelectronics.X-CUBE-ALGOBUILD.1.4.0
2025-10-07 12:39:34,895 [WARN] PackLoader:240 - Cannot read IP mode file for STMicroelectronics.X-CUBE-MEMS1.11.3.0
2025-10-07 12:39:34,978 [WARN] PackLoader:240 - Cannot read IP mode file for STMicroelectronics.X-CUBE-PM33A1.1.0.0
2025-10-07 12:39:34,989 [WARN] PackLoader:240 - Cannot read IP mode file for STMicroelectronics.X-CUBE-AZRTOS-F4.1.1.0
2025-10-07 12:39:34,994 [WARN] PackLoader:240 - Cannot read IP mode file for Avnet-IotConnect.X-CUBE-IoTC-DA16k-PMOD.1.0.0
2025-10-07 12:39:34,998 [WARN] PackLoader:240 - Cannot read IP mode file for STMicroelectronics.X-CUBE-ISPU.2.1.0
2025-10-07 12:39:35,003 [WARN] PackLoader:240 - Cannot read IP mode file for STMicroelectronics.X-CUBE-NFC12.1.0.0
2025-10-07 12:39:35,014 [WARN] PackLoader:240 - Cannot read IP mode file for STMicroelectronics.X-CUBE-AZRTOS-L5.2.0.0
2025-10-07 12:39:35,021 [WARN] PackLoader:240 - Cannot read IP mode file for STMicroelectronics.X-CUBE-NFC6.3.1.0
2025-10-07 12:39:35,028 [WARN] PackLoader:240 - Cannot read IP mode file for STMicroelectronics.X-CUBE-FREERTOS.1.3.1
2025-10-07 12:39:35,034 [WARN] PackLoader:240 - Cannot read IP mode file for STMicroelectronics.X-CUBE-TOUCHGFX.4.26.0
2025-10-07 12:39:35,039 [WARN] PackLoader:240 - Cannot read IP mode file for STMicroelectronics.FP-SNS-STAIOTCFT.1.0.0
2025-10-07 12:39:35,043 [WARN] PackLoader:240 - Cannot read IP mode file for STMicroelectronics.X-CUBE-DPower.1.3.0
2025-10-07 12:39:35,055 [WARN] ConditionMgr:438 - getConditionDescription Invalid condition id : LAN8742 Phy interface Condition cause : null
2025-10-07 12:39:35,056 [WARN] PackLoader:240 - Cannot read IP mode file for STMicroelectronics.X-CUBE-AZRTOS-L4.2.0.0
2025-10-07 12:39:35,057 [WARN] ConditionMgr:1044 - genDependencies : Invalid condition id : LAN8742 Phy interface Condition cause : null
2025-10-07 12:39:35,057 [WARN] ConditionMgr:1044 - genDependencies : Invalid condition id : LAN8742 Phy interface Condition cause : null
2025-10-07 12:39:35,057 [WARN] ConditionMgr:1044 - genDependencies : Invalid condition id : LAN8742 Phy interface Condition cause : null
2025-10-07 12:39:35,063 [WARN] PackLoader:240 - Cannot read IP mode file for STMicroelectronics.X-CUBE-SFXS2LP1.4.0.0
2025-10-07 12:39:35,070 [WARN] PackLoader:240 - Cannot read IP mode file for STMicroelectronics.X-CUBE-BLEMGR.4.1.0
2025-10-07 12:39:35,086 [WARN] ConditionMgr:438 - getConditionDescription Invalid condition id : UX DEVICE CLASS RTOS Condition cause : null
2025-10-07 12:39:35,087 [WARN] ConditionMgr:438 - getConditionDescription Invalid condition id : UX DEVICE CLASS RTOS Condition cause : null
2025-10-07 12:39:35,089 [WARN] PackLoader:240 - Cannot read IP mode file for STMicroelectronics.X-CUBE-AZRTOS-WB.2.0.0
2025-10-07 12:39:35,090 [WARN] ConditionMgr:1044 - genDependencies : Invalid condition id : UX DEVICE CLASS RTOS Condition cause : null
2025-10-07 12:39:35,090 [WARN] ConditionMgr:1044 - genDependencies : Invalid condition id : UX DEVICE CLASS RTOS Condition cause : null
2025-10-07 12:39:35,090 [WARN] ConditionMgr:1044 - genDependencies : Invalid condition id : UX DEVICE CLASS RTOS Condition cause : null
2025-10-07 12:39:35,090 [WARN] ConditionMgr:1044 - genDependencies : Invalid condition id : UX DEVICE CLASS RTOS Condition cause : null
2025-10-07 12:39:35,090 [WARN] ConditionMgr:1044 - genDependencies : Invalid condition id : UX DEVICE CLASS RTOS Condition cause : null
2025-10-07 12:39:35,097 [WARN] PackLoader:240 - Cannot read IP mode file for STMicroelectronics.X-CUBE-GNSS1.7.0.1
2025-10-07 12:39:35,100 [WARN] PackLoader:240 - Cannot read IP mode file for STMicroelectronics.X-CUBE-TOUCHGFX.4.25.0
2025-10-07 12:39:35,105 [WARN] ConditionMgr:438 - getConditionDescription Invalid condition id : Cortex-A Device cause : null
2025-10-07 12:39:35,129 [WARN] ConditionMgr:1044 - genDependencies : Invalid condition id : Cortex-A Device cause : null
2025-10-07 12:39:35,129 [WARN] ConditionMgr:1044 - genDependencies : Invalid condition id : Cortex-A Device cause : null
2025-10-07 12:39:35,129 [WARN] ConditionMgr:1044 - genDependencies : Invalid condition id : Cortex-A Device cause : null
2025-10-07 12:39:35,139 [WARN] PackLoader:240 - Cannot read IP mode file for STMicroelectronics.X-CUBE-SUBG2.5.0.0
2025-10-07 12:39:35,154 [WARN] PackLoader:240 - Cannot read IP mode file for STMicroelectronics.X-CUBE-AZRTOS-H7RS.1.1.0
2025-10-07 12:39:35,160 [WARN] PackLoader:240 - Cannot read IP mode file for Cesanta.I-CUBE-Mongoose.7.13.0
2025-10-07 12:39:35,167 [WARN] PackLoader:240 - Cannot read IP mode file for STMicroelectronics.X-CUBE-AZRTOS-G4.2.0.0
2025-10-07 12:39:35,172 [WARN] PackLoader:240 - Cannot read IP mode file for wolfSSL.I-CUBE-wolfSSH.1.4.20
2025-10-07 12:39:35,176 [WARN] PackLoader:240 - Cannot read IP mode file for STMicroelectronics.X-CUBE-NFC7.2.0.0
2025-10-07 12:39:35,186 [WARN] PackLoader:240 - Cannot read IP mode file for STMicroelectronics.X-CUBE-IPS.3.1.0
2025-10-07 12:39:35,193 [WARN] PackLoader:240 - Cannot read IP mode file for STMicroelectronics.X-CUBE-ALS.1.0.2
2025-10-07 12:39:35,199 [WARN] PackLoader:240 - Cannot read IP mode file for STMicroelectronics.X-CUBE-STSE01.1.0.0
2025-10-07 12:39:35,205 [WARN] PackLoader:240 - Cannot read IP mode file for STMicroelectronics.X-CUBE-TOF1.3.4.3
2025-10-07 12:39:35,213 [INFO] ThirdParty:978 - Integrity check success = true
2025-10-07 12:39:35,213 [INFO] IntegrityCheckThread:100 - exiting critical section [integrity check]
2025-10-07 12:39:35,213 [INFO] IntegrityCheckThread:103 - End integrity checks thread
2025-10-07 12:40:08,718 [ERROR] LogOutputStream:75 - [STDERR_REDIRECT] 
2025-10-07 12:40:08,719 [ERROR] LogOutputStream:75 - [STDERR_REDIRECT] 
2025-10-07 12:40:50,283 [INFO] Activator:176 - 


2025-10-07 12:40:50,284 [INFO] Activator:177 - !SESSION log4j initialized
2025-10-07 12:40:52,493 [INFO] LogOutputStream:77 - [STDOUT_REDIRECT] 
2025-10-07 12:40:54,362 [INFO] ApplicationProperties:184 - Using Application install path: C:\ST\STM32CubeIDE_1.19.0\STM32CubeIDE\plugins\com.st.stm32cube.common.mx_6.15.0.202507011659
2025-10-07 12:40:54,371 [INFO] DbMcusXml:78 - Set database path to: C:\ST\STM32CubeIDE_1.19.0\STM32CubeIDE\plugins\com.st.stm32cube.common.mx_6.15.0.202507011659\\db\/mcu/
2025-10-07 12:40:54,371 [INFO] ApiDb:274 - Set plugin database path to: C:\ST\STM32CubeIDE_1.19.0\STM32CubeIDE\plugins\com.st.stm32cube.common.mx_6.15.0.202507011659\\db\/plugins/boardmanager/
2025-10-07 12:40:54,371 [WARN] ApiDb:259 - Overriding images path with different value:  => C:\ST\STM32CubeIDE_1.19.0\STM32CubeIDE\plugins\com.st.stm32cube.common.mx_6.15.0.202507011659\\db\/plugins/mcufinder/images/
2025-10-07 12:40:54,375 [INFO] ApiDb:250 - Set database path to: C:\Users\Sander\.stmcufinder\plugins\mcufinder//mcu/
2025-10-07 12:40:54,375 [INFO] DbMcusAds:125 - Set database path to: C:\Users\Sander\.stmcufinder\plugins\mcufinder//mcu/
2025-10-07 12:40:54,376 [INFO] CrossReferenceDbSqlite:203 - Set database path to: C:\Users\Sander\.stmcufinder\plugins\mcufinder//mcu/cs/
2025-10-07 12:40:54,451 [INFO] RulesReader:64 - Compatibility file has been processed (317 Rules)
2025-10-07 12:40:54,511 [INFO] DbMcusXml:78 - Set database path to: C:\ST\STM32CubeIDE_1.19.0\STM32CubeIDE\plugins\com.st.stm32cube.common.mx_6.15.0.202507011659\\db\/mcu/
2025-10-07 12:40:54,511 [INFO] ApiDb:274 - Set plugin database path to: C:\ST\STM32CubeIDE_1.19.0\STM32CubeIDE\plugins\com.st.stm32cube.common.mx_6.15.0.202507011659\\db\/plugins/boardmanager/
2025-10-07 12:40:54,511 [INFO] ApiDb:261 - Set plugin images path to: C:\ST\STM32CubeIDE_1.19.0\STM32CubeIDE\plugins\com.st.stm32cube.common.mx_6.15.0.202507011659\\db\/plugins/mcufinder/images/
2025-10-07 12:40:54,512 [WARN] DbFile:41 - Overriding database path with different value: C:\Users\Sander\.stmcufinder\plugins\mcufinder/ => C:\Users\Sander\.stmcufinder\plugins\mcufinder
2025-10-07 12:40:54,512 [INFO] ApiDb:250 - Set database path to: C:\Users\Sander\.stmcufinder\plugins\mcufinder//mcu/
2025-10-07 12:40:54,512 [WARN] DbFile:41 - Overriding database path with different value: C:\Users\Sander\.stmcufinder\plugins\mcufinder/ => C:\Users\Sander\.stmcufinder\plugins\mcufinder
2025-10-07 12:40:54,512 [INFO] DbMcusAds:125 - Set database path to: C:\Users\Sander\.stmcufinder\plugins\mcufinder//mcu/
2025-10-07 12:40:54,512 [WARN] DbFile:41 - Overriding database path with different value: C:\Users\Sander\.stmcufinder\plugins\mcufinder/ => C:\Users\Sander\.stmcufinder\plugins\mcufinder
2025-10-07 12:40:54,512 [WARN] DbFile:41 - Overriding database path with different value: C:\Users\Sander\.stmcufinder\plugins\mcufinder/ => C:\Users\Sander\.stmcufinder\plugins\mcufinder
2025-10-07 12:40:54,512 [INFO] CrossReferenceDbSqlite:203 - Set database path to: C:\Users\Sander\.stmcufinder\plugins\mcufinder//mcu/cs/
2025-10-07 12:40:54,563 [INFO] MainPanel:274 - HeapMemory: 268435456
2025-10-07 12:40:54,621 [INFO] DbMcusXml:78 - Set database path to: C:\ST\STM32CubeIDE_1.19.0\STM32CubeIDE\plugins\com.st.stm32cube.common.mx_6.15.0.202507011659\\db\/mcu/
2025-10-07 12:40:54,621 [INFO] ApiDb:274 - Set plugin database path to: C:\ST\STM32CubeIDE_1.19.0\STM32CubeIDE\plugins\com.st.stm32cube.common.mx_6.15.0.202507011659\\db\/plugins/boardmanager/
2025-10-07 12:40:54,621 [INFO] ApiDb:261 - Set plugin images path to: C:\ST\STM32CubeIDE_1.19.0\STM32CubeIDE\plugins\com.st.stm32cube.common.mx_6.15.0.202507011659\\db\/plugins/mcufinder/images/
2025-10-07 12:40:54,621 [WARN] DbFile:41 - Overriding database path with different value: C:\Users\Sander\.stmcufinder\plugins\mcufinder/ => C:\Users\Sander\.stmcufinder\plugins\mcufinder
2025-10-07 12:40:54,621 [INFO] ApiDb:250 - Set database path to: C:\Users\Sander\.stmcufinder\plugins\mcufinder//mcu/
2025-10-07 12:40:54,621 [WARN] DbFile:41 - Overriding database path with different value: C:\Users\Sander\.stmcufinder\plugins\mcufinder/ => C:\Users\Sander\.stmcufinder\plugins\mcufinder
2025-10-07 12:40:54,621 [INFO] DbMcusAds:125 - Set database path to: C:\Users\Sander\.stmcufinder\plugins\mcufinder//mcu/
2025-10-07 12:40:54,621 [WARN] DbFile:41 - Overriding database path with different value: C:\Users\Sander\.stmcufinder\plugins\mcufinder/ => C:\Users\Sander\.stmcufinder\plugins\mcufinder
2025-10-07 12:40:54,621 [WARN] DbFile:41 - Overriding database path with different value: C:\Users\Sander\.stmcufinder\plugins\mcufinder/ => C:\Users\Sander\.stmcufinder\plugins\mcufinder
2025-10-07 12:40:54,622 [INFO] CrossReferenceDbSqlite:203 - Set database path to: C:\Users\Sander\.stmcufinder\plugins\mcufinder//mcu/cs/
2025-10-07 12:40:54,633 [INFO] ApplicationProperties:184 - Using Application install path: C:\ST\STM32CubeIDE_1.19.0\STM32CubeIDE\plugins\com.st.stm32cube.common.mx_6.15.0.202507011659
2025-10-07 12:40:54,634 [INFO] PluginManage:196 - Search for loadable plugins [exclusion list=, ]
2025-10-07 12:40:54,636 [INFO] PluginManage:310 - Check plugin analytics
2025-10-07 12:40:54,779 [INFO] AnalyticsPlugin:253 - Accepted Software Licenses: 
2025-10-07 12:40:54,779 [INFO] AnalyticsPlugin:255 - Accepted CMSIS Pack Licenses: 
2025-10-07 12:40:54,779 [INFO] AnalyticsPlugin:257 - Accepted Firmware Licenses: FW.F4.1.28.0
2025-10-07 12:40:54,785 [INFO] PluginManage:359 - Loaded plugin analytics (category:tool,tabindex:-1)
2025-10-07 12:40:54,786 [INFO] PluginManage:310 - Check plugin cadmodel
2025-10-07 12:40:54,790 [INFO] CADModel:105 - Init CAD model plugin
2025-10-07 12:40:54,790 [INFO] PluginManage:359 - Loaded plugin cadmodel (category:power,tabindex:5)
2025-10-07 12:40:54,791 [INFO] PluginManage:310 - Check plugin clock
2025-10-07 12:40:54,798 [INFO] PluginManage:359 - Loaded plugin clock (category:base,tabindex:2)
2025-10-07 12:40:54,798 [INFO] PluginManage:310 - Check plugin ddr
2025-10-07 12:40:54,800 [INFO] PluginManage:359 - Loaded plugin ddr (category:tool,tabindex:6)
2025-10-07 12:40:54,800 [INFO] PluginManage:310 - Check plugin filemanager
2025-10-07 12:40:54,911 [INFO] PluginManage:359 - Loaded plugin filemanager (category:base,tabindex:10)
2025-10-07 12:40:54,912 [INFO] PluginManage:310 - Check plugin ipmanager
2025-10-07 12:40:54,916 [INFO] PluginManage:359 - Loaded plugin ipmanager (category:base,tabindex:5)
2025-10-07 12:40:54,916 [INFO] PluginManage:310 - Check plugin lpbam
2025-10-07 12:40:54,921 [INFO] PluginManage:359 - Loaded plugin lpbam (category:base,tabindex:0)
2025-10-07 12:40:54,921 [INFO] PluginManage:310 - Check plugin memorymap
2025-10-07 12:40:54,929 [INFO] PluginManage:359 - Loaded plugin memorymap (category:base,tabindex:4)
2025-10-07 12:40:54,929 [INFO] PluginManage:310 - Check plugin pinoutandconfiguration
2025-10-07 12:40:54,935 [INFO] PluginManage:359 - Loaded plugin pinoutandconfiguration (category:base,tabindex:1)
2025-10-07 12:40:54,935 [INFO] PluginManage:310 - Check plugin pinoutconfig
2025-10-07 12:40:54,997 [WARN] SupportedApi:132 - Cannot load RTOS API schema: s4s-elt-must-match.1: The content of 'definitions' must match (annotation?, (simpleType | complexType)?, (unique | key | keyref)*)). A problem was found starting at: attribute.
2025-10-07 12:40:55,084 [INFO] PluginManage:359 - Loaded plugin pinoutconfig (category:base,tabindex:0)
2025-10-07 12:40:55,084 [INFO] PluginManage:310 - Check plugin power
2025-10-07 12:40:55,089 [INFO] PluginManage:359 - Loaded plugin power (category:power,tabindex:4)
2025-10-07 12:40:55,089 [INFO] PluginManage:310 - Check plugin projectmanager
2025-10-07 12:40:55,101 [INFO] PluginManage:359 - Loaded plugin projectmanager (category:projectmanager,tabindex:4)
2025-10-07 12:40:55,101 [INFO] PluginManage:310 - Check plugin rif
2025-10-07 12:40:55,106 [INFO] PluginManage:359 - Loaded plugin rif (category:base,tabindex:3)
2025-10-07 12:40:55,107 [INFO] PluginManage:310 - Check plugin thirdparty
2025-10-07 12:40:55,197 [INFO] PluginManage:359 - Loaded plugin thirdparty (category:base,tabindex:-1)
2025-10-07 12:40:55,197 [INFO] PluginManage:310 - Check plugin tools
2025-10-07 12:40:55,197 [WARN] IntegrityCheckThread:84 - waiting for thirdparty lock release [integrity check]
2025-10-07 12:40:55,197 [INFO] IntegrityCheckThread:86 - entering critical section [integrity check]
2025-10-07 12:40:55,197 [INFO] ThirdPartyUpdaterWithRetryManager:70 - Updater plugin not ready yet. [1/15]
2025-10-07 12:40:55,199 [INFO] PluginManage:359 - Loaded plugin tools (category:base,tabindex:7)
2025-10-07 12:40:55,199 [INFO] PluginManage:310 - Check plugin tutovideos
2025-10-07 12:40:55,343 [INFO] PluginManage:359 - Loaded plugin tutovideos (category:base,tabindex:-1)
2025-10-07 12:40:55,343 [INFO] PluginManage:310 - Check plugin updater
2025-10-07 12:40:55,358 [INFO] PluginManage:359 - Loaded plugin updater (category:base,tabindex:12)
2025-10-07 12:40:55,358 [INFO] PluginManage:310 - Check plugin userauth
2025-10-07 12:40:55,361 [INFO] UserAuth:118 - Init User Auth plugin
2025-10-07 12:40:55,361 [INFO] PluginManage:359 - Loaded plugin userauth (category:base,tabindex:14)
2025-10-07 12:40:55,362 [INFO] PluginManage:283 - PluginManage : Loaded plugins [18]
2025-10-07 12:40:55,501 [INFO] PinOutPanel:1589 - setPackage(No Configuration,No Configuration)
2025-10-07 12:40:55,566 [INFO] CADModel:165 - CPN selected for project level
2025-10-07 12:40:55,566 [INFO] CADModel:114 - Register for checkConnection events
2025-10-07 12:40:55,580 [INFO] IPUIPlugin:80 - create IPUIPlugin
2025-10-07 12:40:55,581 [INFO] PluginManager:220 - loadIPPluginJar : add adc
2025-10-07 12:40:55,583 [INFO] IPUIPlugin:80 - create IPUIPlugin
2025-10-07 12:40:55,583 [INFO] PluginManager:220 - loadIPPluginJar : add aes
2025-10-07 12:40:55,584 [INFO] IPUIPlugin:80 - create IPUIPlugin
2025-10-07 12:40:55,584 [INFO] PluginManager:220 - loadIPPluginJar : add can
2025-10-07 12:40:55,586 [INFO] IPUIPlugin:80 - create IPUIPlugin
2025-10-07 12:40:55,586 [INFO] PluginManager:220 - loadIPPluginJar : add comp
2025-10-07 12:40:55,589 [INFO] IPUIPlugin:80 - create IPUIPlugin
2025-10-07 12:40:55,589 [INFO] PluginManager:220 - loadIPPluginJar : add cryp
2025-10-07 12:40:55,590 [INFO] IPUIPlugin:80 - create IPUIPlugin
2025-10-07 12:40:55,591 [INFO] PluginManager:220 - loadIPPluginJar : add ddr_ctrl_phy
2025-10-07 12:40:55,592 [INFO] IPUIPlugin:80 - create IPUIPlugin
2025-10-07 12:40:55,592 [INFO] PluginManager:220 - loadIPPluginJar : add dfsdm
2025-10-07 12:40:55,597 [INFO] IPUIPlugin:80 - create IPUIPlugin
2025-10-07 12:40:55,598 [INFO] PluginManager:220 - loadIPPluginJar : add dma
2025-10-07 12:40:55,599 [INFO] IPUIPlugin:80 - create IPUIPlugin
2025-10-07 12:40:55,600 [INFO] PluginManager:220 - loadIPPluginJar : add dma3
2025-10-07 12:40:55,601 [INFO] IPUIPlugin:80 - create IPUIPlugin
2025-10-07 12:40:55,601 [INFO] PluginManager:220 - loadIPPluginJar : add extmemmanager
2025-10-07 12:40:55,602 [INFO] IPUIPlugin:80 - create IPUIPlugin
2025-10-07 12:40:55,602 [INFO] PluginManager:220 - loadIPPluginJar : add fatfs
2025-10-07 12:40:55,606 [INFO] IPUIPlugin:80 - create IPUIPlugin
2025-10-07 12:40:55,606 [INFO] PluginManager:220 - loadIPPluginJar : add fmc
2025-10-07 12:40:55,610 [INFO] IPUIPlugin:80 - create IPUIPlugin
2025-10-07 12:40:55,610 [INFO] PluginManager:220 - loadIPPluginJar : add freertos
2025-10-07 12:40:55,612 [INFO] IPUIPlugin:80 - create IPUIPlugin
2025-10-07 12:40:55,612 [INFO] PluginManager:220 - loadIPPluginJar : add genericplugin
2025-10-07 12:40:55,613 [INFO] IPUIPlugin:80 - create IPUIPlugin
2025-10-07 12:40:55,613 [INFO] PluginManager:220 - loadIPPluginJar : add gfxmmu
2025-10-07 12:40:55,616 [INFO] IPUIPlugin:80 - create IPUIPlugin
2025-10-07 12:40:55,616 [INFO] PluginManager:220 - loadIPPluginJar : add gic
2025-10-07 12:40:55,620 [INFO] IPUIPlugin:80 - create IPUIPlugin
2025-10-07 12:40:55,620 [INFO] PluginManager:220 - loadIPPluginJar : add gpio
2025-10-07 12:40:55,622 [INFO] IPUIPlugin:80 - create IPUIPlugin
2025-10-07 12:40:55,622 [INFO] PluginManager:220 - loadIPPluginJar : add gtzc
2025-10-07 12:40:55,624 [INFO] IPUIPlugin:80 - create IPUIPlugin
2025-10-07 12:40:55,624 [INFO] PluginManager:220 - loadIPPluginJar : add hash
2025-10-07 12:40:55,626 [INFO] IPUIPlugin:80 - create IPUIPlugin
2025-10-07 12:40:55,626 [INFO] PluginManager:220 - loadIPPluginJar : add i2c
2025-10-07 12:40:55,628 [INFO] IPUIPlugin:80 - create IPUIPlugin
2025-10-07 12:40:55,628 [INFO] PluginManager:220 - loadIPPluginJar : add i2s
2025-10-07 12:40:55,631 [INFO] IPUIPlugin:80 - create IPUIPlugin
2025-10-07 12:40:55,631 [INFO] PluginManager:220 - loadIPPluginJar : add i3c
2025-10-07 12:40:55,633 [INFO] IPUIPlugin:80 - create IPUIPlugin
2025-10-07 12:40:55,633 [INFO] PluginManager:220 - loadIPPluginJar : add ipddr
2025-10-07 12:40:55,639 [INFO] IPUIPlugin:80 - create IPUIPlugin
2025-10-07 12:40:55,639 [INFO] PluginManager:220 - loadIPPluginJar : add linkedlist
2025-10-07 12:40:55,641 [INFO] IPUIPlugin:80 - create IPUIPlugin
2025-10-07 12:40:55,641 [INFO] PluginManager:220 - loadIPPluginJar : add lorawan
2025-10-07 12:40:55,642 [INFO] IPUIPlugin:80 - create IPUIPlugin
2025-10-07 12:40:55,642 [INFO] PluginManager:220 - loadIPPluginJar : add ltdc
2025-10-07 12:40:55,647 [INFO] IPUIPlugin:80 - create IPUIPlugin
2025-10-07 12:40:55,647 [INFO] PluginManager:220 - loadIPPluginJar : add mdma
2025-10-07 12:40:55,650 [INFO] IPUIPlugin:80 - create IPUIPlugin
2025-10-07 12:40:55,650 [INFO] PluginManager:220 - loadIPPluginJar : add nvic
2025-10-07 12:40:55,652 [INFO] IPUIPlugin:80 - create IPUIPlugin
2025-10-07 12:40:55,652 [INFO] PluginManager:220 - loadIPPluginJar : add opamp
2025-10-07 12:40:55,654 [INFO] IPUIPlugin:80 - create IPUIPlugin
2025-10-07 12:40:55,654 [INFO] PluginManager:220 - loadIPPluginJar : add openamp
2025-10-07 12:40:55,656 [INFO] IPUIPlugin:80 - create IPUIPlugin
2025-10-07 12:40:55,656 [INFO] PluginManager:220 - loadIPPluginJar : add pdm2pcm
2025-10-07 12:40:55,660 [INFO] IPUIPlugin:80 - create IPUIPlugin
2025-10-07 12:40:55,663 [INFO] PluginManager:220 - loadIPPluginJar : add plateformsettings
2025-10-07 12:40:55,664 [INFO] IPUIPlugin:80 - create IPUIPlugin
2025-10-07 12:40:55,664 [INFO] PluginManager:220 - loadIPPluginJar : add quadspi
2025-10-07 12:40:55,665 [INFO] IPUIPlugin:80 - create IPUIPlugin
2025-10-07 12:40:55,665 [INFO] PluginManager:220 - loadIPPluginJar : add radio
2025-10-07 12:40:55,668 [INFO] IPUIPlugin:80 - create IPUIPlugin
2025-10-07 12:40:55,668 [INFO] PluginManager:220 - loadIPPluginJar : add resmgrutility
2025-10-07 12:40:55,670 [INFO] IPUIPlugin:80 - create IPUIPlugin
2025-10-07 12:40:55,671 [INFO] PluginManager:220 - loadIPPluginJar : add sai
2025-10-07 12:40:55,673 [INFO] IPUIPlugin:80 - create IPUIPlugin
2025-10-07 12:40:55,673 [INFO] PluginManager:220 - loadIPPluginJar : add spi
2025-10-07 12:40:55,678 [INFO] IPUIPlugin:80 - create IPUIPlugin
2025-10-07 12:40:55,678 [INFO] PluginManager:220 - loadIPPluginJar : add stm32_wpan
2025-10-07 12:40:55,679 [INFO] IPUIPlugin:80 - create IPUIPlugin
2025-10-07 12:40:55,679 [INFO] PluginManager:220 - loadIPPluginJar : add tim
2025-10-07 12:40:55,681 [INFO] IPUIPlugin:80 - create IPUIPlugin
2025-10-07 12:40:55,681 [INFO] PluginManager:220 - loadIPPluginJar : add touchsensing
2025-10-07 12:40:55,682 [INFO] IPUIPlugin:80 - create IPUIPlugin
2025-10-07 12:40:55,682 [INFO] PluginManager:220 - loadIPPluginJar : add tracer_emb
2025-10-07 12:40:55,684 [INFO] IPUIPlugin:80 - create IPUIPlugin
2025-10-07 12:40:55,684 [INFO] PluginManager:220 - loadIPPluginJar : add ts
2025-10-07 12:40:55,685 [INFO] IPUIPlugin:80 - create IPUIPlugin
2025-10-07 12:40:55,685 [INFO] PluginManager:220 - loadIPPluginJar : add tsc
2025-10-07 12:40:55,686 [INFO] IPUIPlugin:80 - create IPUIPlugin
2025-10-07 12:40:55,686 [INFO] PluginManager:220 - loadIPPluginJar : add ucpd
2025-10-07 12:40:55,688 [INFO] IPUIPlugin:80 - create IPUIPlugin
2025-10-07 12:40:55,688 [INFO] PluginManager:220 - loadIPPluginJar : add usart
2025-10-07 12:40:55,690 [INFO] IPUIPlugin:80 - create IPUIPlugin
2025-10-07 12:40:55,690 [INFO] PluginManager:220 - loadIPPluginJar : add usbx
2025-10-07 12:40:55,804 [FATAL] Updater:351 - Updater called before beeing initialized
2025-10-07 12:40:55,821 [INFO] RulesReader:64 - Compatibility file has been processed (317 Rules)
2025-10-07 12:40:55,830 [INFO] RulesReader:64 - Compatibility file has been processed (317 Rules)
2025-10-07 12:40:55,838 [INFO] CADModel:165 - CPN selected for project level
2025-10-07 12:40:55,838 [INFO] CADModel:114 - Register for checkConnection events
2025-10-07 12:40:55,838 [FATAL] Updater:351 - Updater called before beeing initialized
2025-10-07 12:40:55,838 [ERROR] CADModel:125 - Updater not yet initialized, retry later 
2025-10-07 12:40:55,950 [FATAL] Updater:351 - Updater called before beeing initialized
2025-10-07 12:40:55,951 [INFO] CADModel:165 - CPN selected for project level
2025-10-07 12:40:55,951 [INFO] CADModel:114 - Register for checkConnection events
2025-10-07 12:40:55,951 [FATAL] Updater:351 - Updater called before beeing initialized
2025-10-07 12:40:55,951 [ERROR] CADModel:125 - Updater not yet initialized, retry later 
2025-10-07 12:40:55,954 [FATAL] Updater:351 - Updater called before beeing initialized
2025-10-07 12:40:56,026 [FATAL] Updater:351 - Updater called before beeing initialized
2025-10-07 12:40:56,028 [INFO] DbMcusAds:53 - JSON generation date=Tue Jul 08 10:14:23 CEST 2025 (1751962463582)
2025-10-07 12:40:56,028 [FATAL] Updater:351 - Updater called before beeing initialized
2025-10-07 12:40:56,049 [WARN] DetailPanel:346 - Failed to get advertising image, set to default
2025-10-07 12:40:56,112 [FATAL] Updater:351 - Updater called before beeing initialized
2025-10-07 12:40:56,113 [FATAL] Updater:351 - Updater called before beeing initialized
2025-10-07 12:40:56,114 [FATAL] Updater:351 - Updater called before beeing initialized
2025-10-07 12:40:56,114 [WARN] DetailPanel:346 - Failed to get advertising image, set to default
2025-10-07 12:40:56,114 [FATAL] Updater:351 - Updater called before beeing initialized
2025-10-07 12:40:56,150 [ERROR] Updater:1198 - MainUpdater not yet initialized. External WinMGr cannot be set.
2025-10-07 12:40:56,152 [INFO] Updater:1134 - Updater Version found : 6.15.0
2025-10-07 12:40:56,163 [INFO] ApplicationProperties:184 - Using Application install path: C:\ST\STM32CubeIDE_1.19.0\STM32CubeIDE\plugins\com.st.stm32cube.common.mx_6.15.0.202507011659
2025-10-07 12:40:57,733 [ERROR] LogOutputStream:75 - [STDERR_REDIRECT] Oct 07, 2025 12:40:57 PM java.util.prefs.WindowsPreferences <init>
2025-10-07 12:40:57,734 [ERROR] LogOutputStream:75 - [STDERR_REDIRECT] WARNING: Could not open/create prefs root node Software\JavaSoft\Prefs at root 0xffffffff80000002. Windows RegCreateKeyEx(...) returned error code 5.
2025-10-07 12:40:57,734 [ERROR] LogOutputStream:75 - [STDERR_REDIRECT] 
2025-10-07 12:40:57,974 [INFO] MainUpdater:2872 - connection check result : 10
2025-10-07 12:40:57,974 [INFO] MainUpdater:289 - Updater Check For Update Now.
2025-10-07 12:40:57,975 [INFO] MicroXplorer:498 - Change Database Version : DB.6.0.150
2025-10-07 12:40:57,981 [INFO] McuFinderGlobals:63 - Set McuFinder mode to 2 (CubeIDE integrated)
2025-10-07 12:40:57,981 [INFO] UserAuth:171 - activating auth plugin
2025-10-07 12:40:57,984 [INFO] UserAuth:487 - Internet connection configuration mode: 1
2025-10-07 12:40:58,006 [INFO] JxBrowserEngine:152 - Initiate JxBrowser Engine with user profile folder
2025-10-07 12:40:58,131 [INFO] CheckServerUpdateThread:120 - End of CheckServer Thread
2025-10-07 12:40:58,361 [WARN] PackLoader:240 - Cannot read IP mode file for STMicroelectronics.FP-SNS-MOTENVWB1.1.4.0
2025-10-07 12:40:58,370 [WARN] PackLoader:240 - Cannot read IP mode file for STMicroelectronics.FP-ATR-ASTRA1.2.0.2
2025-10-07 12:40:58,381 [WARN] PackLoader:240 - Cannot read IP mode file for STMicroelectronics.X-CUBE-SMBUS.2.1.0
2025-10-07 12:40:58,386 [WARN] PackLoader:240 - Cannot read IP mode file for STMicroelectronics.X-CUBE-ST60.1.0.0
2025-10-07 12:40:58,420 [WARN] PackLoader:240 - Cannot read IP mode file for STMicroelectronics.X-CUBE-AZRTOS-F7.1.1.0
2025-10-07 12:40:58,458 [WARN] PackLoader:240 - Cannot read IP mode file for WES.I-CUBE-Cesium.1.4.0
2025-10-07 12:40:58,482 [WARN] PackLoader:240 - Cannot read IP mode file for Infineon.AIROC-Wi-Fi-Bluetooth-STM32.1.7.1
2025-10-07 12:40:58,503 [WARN] PackLoader:240 - Cannot read IP mode file for STMicroelectronics.X-CUBE-AZRTOS-H7.3.4.0
2025-10-07 12:40:58,543 [WARN] PackLoader:240 - Cannot read IP mode file for STMicroelectronics.X-CUBE-DISPLAY.3.0.0
2025-10-07 12:40:58,564 [WARN] PackLoader:240 - Cannot read IP mode file for STMicroelectronics.X-CUBE-NFC10.1.0.0
2025-10-07 12:40:58,571 [WARN] PackLoader:240 - Cannot read IP mode file for emotas.I-CUBE-CANOPEN.1.3.0
2025-10-07 12:40:58,587 [WARN] PackLoader:240 - Cannot read IP mode file for STMicroelectronics.FP-SNS-STBOX1.2.1.0
2025-10-07 12:40:58,629 [WARN] PackLoader:240 - Cannot read IP mode file for STMicroelectronics.FP-SNS-SMARTAG2.1.2.0
2025-10-07 12:40:58,636 [WARN] PackLoader:240 - Cannot read IP mode file for STMicroelectronics.FP-SNS-FLIGHT1.5.1.0
2025-10-07 12:40:58,672 [INFO] LogOutputStream:77 - [STDOUT_REDIRECT] 1 : Invalid condition id : UX_CORESTACK_Condition cause : null
2025-10-07 12:40:58,673 [INFO] LogOutputStream:77 - [STDOUT_REDIRECT] 1 : Invalid condition id : UX_CORESTACK_Condition cause : null
2025-10-07 12:40:58,674 [INFO] LogOutputStream:77 - [STDOUT_REDIRECT] 1 : Invalid condition id : UX_CORESTACK_Condition cause : null
2025-10-07 12:40:58,676 [INFO] LogOutputStream:77 - [STDOUT_REDIRECT] 1 : Invalid condition id : UX_CORESTACK_Condition cause : null
2025-10-07 12:40:58,676 [INFO] LogOutputStream:77 - [STDOUT_REDIRECT] 1 : Invalid condition id : UX_CORESTACK_Condition cause : null
2025-10-07 12:40:58,678 [WARN] PackLoader:240 - Cannot read IP mode file for STMicroelectronics.X-CUBE-AZRTOS-WL.2.0.0
2025-10-07 12:40:58,694 [WARN] PackLoader:240 - Cannot read IP mode file for STMicroelectronics.FP-SNS-MOTENV1.5.0.0
2025-10-07 12:40:58,700 [WARN] PackLoader:240 - Cannot read IP mode file for STMicroelectronics.X-CUBE-BLE2.3.3.0
2025-10-07 12:40:58,703 [WARN] PackLoader:240 - Cannot read IP mode file for STMicroelectronics.X-CUBE-NFC9.1.0.0
2025-10-07 12:40:58,716 [WARN] PackLoader:240 - Cannot read IP mode file for wolfSSL.I-CUBE-wolfSSL.5.8.2
2025-10-07 12:40:58,722 [WARN] PackLoader:240 - Cannot read IP mode file for STMicroelectronics.X-CUBE-BLE1.7.1.0
2025-10-07 12:40:58,724 [WARN] PackLoader:240 - Cannot read IP mode file for wolfSSL.I-CUBE-wolfMQTT.1.19.2
2025-10-07 12:40:58,729 [INFO] WebApp:169 - Instantiating new browser for Auth
2025-10-07 12:40:58,733 [WARN] PackLoader:240 - Cannot read IP mode file for STMicroelectronics.X-CUBE-EEPRMA1.5.2.0
2025-10-07 12:40:58,749 [WARN] PackLoader:240 - Cannot read IP mode file for STMicroelectronics.X-CUBE-AZRTOS-G0.1.1.0
2025-10-07 12:40:58,757 [WARN] PackLoader:240 - Cannot read IP mode file for STMicroelectronics.X-CUBE-SAFEA1.1.2.2
2025-10-07 12:40:58,765 [WARN] PackLoader:240 - Cannot read IP mode file for STMicroelectronics.X-CUBE-NFC4.3.0.0
2025-10-07 12:40:58,813 [WARN] PackLoader:240 - Cannot read IP mode file for EmbeddedOffice.I-CUBE-FS-RTOS.1.0.1
2025-10-07 12:40:58,823 [WARN] PackLoader:240 - Cannot read IP mode file for STMicroelectronics.X-CUBE-WB05N.2.0.0
2025-10-07 12:40:58,830 [WARN] PackLoader:240 - Cannot read IP mode file for wolfSSL.I-CUBE-wolfTPM.3.8.0
2025-10-07 12:40:58,839 [WARN] PackLoader:240 - Cannot read IP mode file for STMicroelectronics.X-CUBE-TCPP.4.2.0
2025-10-07 12:40:58,867 [WARN] PackLoader:240 - Cannot read IP mode file for RealThread.X-CUBE-RT-Thread_Nano.4.1.1
2025-10-07 12:40:58,911 [WARN] PackLoader:240 - Cannot read IP mode file for STMicroelectronics.FP-ATR-SIGFOX1.3.2.0
2025-10-07 12:40:58,919 [WARN] PackLoader:240 - Cannot read IP mode file for ITTIA_DB.I-CUBE-ITTIADB.8.9.0
2025-10-07 12:40:58,924 [WARN] PackLoader:240 - Cannot read IP mode file for STMicroelectronics.X-CUBE-ST67W61.1.0.0
2025-10-07 12:40:58,927 [WARN] PackLoader:240 - Cannot read IP mode file for STMicroelectronics.X-CUBE-AI.10.2.0
2025-10-07 12:40:58,973 [WARN] PackLoader:240 - Cannot read IP mode file for SEGGER.I-CUBE-embOS.1.3.1
2025-10-07 12:40:58,998 [WARN] PackLoader:240 - Cannot read IP mode file for STMicroelectronics.X-CUBE-ALGOBUILD.1.4.0
2025-10-07 12:40:59,028 [WARN] PackLoader:240 - Cannot read IP mode file for STMicroelectronics.X-CUBE-MEMS1.11.3.0
2025-10-07 12:40:59,150 [WARN] PackLoader:240 - Cannot read IP mode file for STMicroelectronics.X-CUBE-PM33A1.1.0.0
2025-10-07 12:40:59,162 [WARN] PackLoader:240 - Cannot read IP mode file for STMicroelectronics.X-CUBE-AZRTOS-F4.1.1.0
2025-10-07 12:40:59,168 [WARN] PackLoader:240 - Cannot read IP mode file for Avnet-IotConnect.X-CUBE-IoTC-DA16k-PMOD.1.0.0
2025-10-07 12:40:59,173 [WARN] PackLoader:240 - Cannot read IP mode file for STMicroelectronics.X-CUBE-ISPU.2.1.0
2025-10-07 12:40:59,196 [WARN] PackLoader:240 - Cannot read IP mode file for STMicroelectronics.X-CUBE-NFC12.1.0.0
2025-10-07 12:40:59,214 [WARN] PackLoader:240 - Cannot read IP mode file for STMicroelectronics.X-CUBE-AZRTOS-L5.2.0.0
2025-10-07 12:40:59,249 [WARN] PackLoader:240 - Cannot read IP mode file for STMicroelectronics.X-CUBE-NFC6.3.1.0
2025-10-07 12:40:59,286 [WARN] PackLoader:240 - Cannot read IP mode file for STMicroelectronics.X-CUBE-FREERTOS.1.3.1
2025-10-07 12:40:59,322 [WARN] PackLoader:240 - Cannot read IP mode file for STMicroelectronics.X-CUBE-TOUCHGFX.4.26.0
2025-10-07 12:40:59,329 [WARN] PackLoader:240 - Cannot read IP mode file for STMicroelectronics.FP-SNS-STAIOTCFT.1.0.0
2025-10-07 12:40:59,331 [WARN] PackLoader:240 - Cannot read IP mode file for STMicroelectronics.X-CUBE-DPower.1.3.0
2025-10-07 12:40:59,350 [WARN] ConditionMgr:438 - getConditionDescription Invalid condition id : LAN8742 Phy interface Condition cause : null
2025-10-07 12:40:59,351 [WARN] PackLoader:240 - Cannot read IP mode file for STMicroelectronics.X-CUBE-AZRTOS-L4.2.0.0
2025-10-07 12:40:59,351 [WARN] ConditionMgr:1044 - genDependencies : Invalid condition id : LAN8742 Phy interface Condition cause : null
2025-10-07 12:40:59,351 [WARN] ConditionMgr:1044 - genDependencies : Invalid condition id : LAN8742 Phy interface Condition cause : null
2025-10-07 12:40:59,353 [WARN] ConditionMgr:1044 - genDependencies : Invalid condition id : LAN8742 Phy interface Condition cause : null
2025-10-07 12:40:59,365 [WARN] PackLoader:240 - Cannot read IP mode file for STMicroelectronics.X-CUBE-SFXS2LP1.4.0.0
2025-10-07 12:40:59,371 [WARN] PackLoader:240 - Cannot read IP mode file for STMicroelectronics.X-CUBE-BLEMGR.4.1.0
2025-10-07 12:40:59,383 [WARN] ConditionMgr:438 - getConditionDescription Invalid condition id : UX DEVICE CLASS RTOS Condition cause : null
2025-10-07 12:40:59,383 [WARN] ConditionMgr:438 - getConditionDescription Invalid condition id : UX DEVICE CLASS RTOS Condition cause : null
2025-10-07 12:40:59,384 [WARN] PackLoader:240 - Cannot read IP mode file for STMicroelectronics.X-CUBE-AZRTOS-WB.2.0.0
2025-10-07 12:40:59,384 [WARN] ConditionMgr:1044 - genDependencies : Invalid condition id : UX DEVICE CLASS RTOS Condition cause : null
2025-10-07 12:40:59,384 [WARN] ConditionMgr:1044 - genDependencies : Invalid condition id : UX DEVICE CLASS RTOS Condition cause : null
2025-10-07 12:40:59,385 [WARN] ConditionMgr:1044 - genDependencies : Invalid condition id : UX DEVICE CLASS RTOS Condition cause : null
2025-10-07 12:40:59,385 [WARN] ConditionMgr:1044 - genDependencies : Invalid condition id : UX DEVICE CLASS RTOS Condition cause : null
2025-10-07 12:40:59,385 [WARN] ConditionMgr:1044 - genDependencies : Invalid condition id : UX DEVICE CLASS RTOS Condition cause : null
2025-10-07 12:40:59,405 [WARN] PackLoader:240 - Cannot read IP mode file for STMicroelectronics.X-CUBE-GNSS1.7.0.1
2025-10-07 12:40:59,411 [WARN] PackLoader:240 - Cannot read IP mode file for STMicroelectronics.X-CUBE-TOUCHGFX.4.25.0
2025-10-07 12:40:59,436 [WARN] ConditionMgr:438 - getConditionDescription Invalid condition id : Cortex-A Device cause : null
2025-10-07 12:40:59,465 [WARN] ConditionMgr:1044 - genDependencies : Invalid condition id : Cortex-A Device cause : null
2025-10-07 12:40:59,465 [WARN] ConditionMgr:1044 - genDependencies : Invalid condition id : Cortex-A Device cause : null
2025-10-07 12:40:59,465 [WARN] ConditionMgr:1044 - genDependencies : Invalid condition id : Cortex-A Device cause : null
2025-10-07 12:40:59,482 [INFO] WebApp:463 - Apply proxy settings
2025-10-07 12:40:59,482 [INFO] WebApp:548 - Chromium requires no authentication
2025-10-07 12:40:59,488 [WARN] PackLoader:240 - Cannot read IP mode file for STMicroelectronics.X-CUBE-SUBG2.5.0.0
2025-10-07 12:40:59,489 [INFO] WebApp:491 - Direct internet connection detected
2025-10-07 12:40:59,507 [INFO] WebApp:900 - Register for checkConnection events
2025-10-07 12:40:59,508 [INFO] WebApp:463 - Apply proxy settings
2025-10-07 12:40:59,508 [INFO] WebApp:548 - Chromium requires no authentication
2025-10-07 12:40:59,508 [INFO] WebApp:491 - Direct internet connection detected
2025-10-07 12:40:59,508 [WARN] PackLoader:240 - Cannot read IP mode file for STMicroelectronics.X-CUBE-AZRTOS-H7RS.1.1.0
2025-10-07 12:40:59,518 [WARN] PackLoader:240 - Cannot read IP mode file for Cesanta.I-CUBE-Mongoose.7.13.0
2025-10-07 12:40:59,533 [WARN] PackLoader:240 - Cannot read IP mode file for STMicroelectronics.X-CUBE-AZRTOS-G4.2.0.0
2025-10-07 12:40:59,578 [WARN] PackLoader:240 - Cannot read IP mode file for wolfSSL.I-CUBE-wolfSSH.1.4.20
2025-10-07 12:40:59,582 [WARN] PackLoader:240 - Cannot read IP mode file for STMicroelectronics.X-CUBE-NFC7.2.0.0
2025-10-07 12:40:59,634 [WARN] PackLoader:240 - Cannot read IP mode file for STMicroelectronics.X-CUBE-IPS.3.1.0
2025-10-07 12:40:59,666 [INFO] WebApp:225 - Starting web application
2025-10-07 12:40:59,666 [INFO] WebApp:593 - Web application path used C:\ST\STM32CubeIDE_1.19.0\STM32CubeIDE\plugins\com.st.stm32cube.common.mx_6.15.0.202507011659\db\plugins\mcufinder\reactClient1\index.html
2025-10-07 12:40:59,692 [WARN] PackLoader:240 - Cannot read IP mode file for STMicroelectronics.X-CUBE-ALS.1.0.2
2025-10-07 12:40:59,718 [WARN] PackLoader:240 - Cannot read IP mode file for STMicroelectronics.X-CUBE-STSE01.1.0.0
2025-10-07 12:40:59,730 [WARN] PackLoader:240 - Cannot read IP mode file for STMicroelectronics.X-CUBE-TOF1.3.4.3
2025-10-07 12:40:59,735 [INFO] ThirdParty:978 - Integrity check success = true
2025-10-07 12:40:59,736 [INFO] IntegrityCheckThread:100 - exiting critical section [integrity check]
2025-10-07 12:40:59,736 [INFO] IntegrityCheckThread:103 - End integrity checks thread
2025-10-07 12:41:00,106 [INFO] WebApp:191 - Connection restablished
2025-10-07 13:03:47,711 [ERROR] LogOutputStream:75 - [STDERR_REDIRECT] 
